2021-01-04 21:25:47 [main] INFO  ru.alwertus.alwserv.App - Starting App using Java 15.0.1 on wowegpc with PID 16109 (/home/alwertus/Projects/java/alwserv/target/classes started by alwertus in /home/alwertus/Projects/java/alwserv)
2021-01-04 21:25:47 [main] INFO  ru.alwertus.alwserv.App - No active profile set, falling back to default profiles: default
2021-01-04 21:25:47 [main] INFO  org.springframework.data.repository.config.RepositoryConfigurationDelegate - Bootstrapping Spring Data JPA repositories in DEFAULT mode.
2021-01-04 21:25:48 [main] INFO  org.springframework.data.repository.config.RepositoryConfigurationDelegate - Finished Spring Data repository scanning in 30 ms. Found 1 JPA repository interfaces.
2021-01-04 21:25:48 [main] INFO  org.springframework.context.support.PostProcessorRegistrationDelegate$BeanPostProcessorChecker - Bean 'org.springframework.security.access.expression.method.DefaultMethodSecurityExpressionHandler@75d982d3' of type [org.springframework.security.access.expression.method.DefaultMethodSecurityExpressionHandler] is not eligible for getting processed by all BeanPostProcessors (for example: not eligible for auto-proxying)
2021-01-04 21:25:48 [main] INFO  org.springframework.context.support.PostProcessorRegistrationDelegate$BeanPostProcessorChecker - Bean 'methodSecurityMetadataSource' of type [org.springframework.security.access.method.DelegatingMethodSecurityMetadataSource] is not eligible for getting processed by all BeanPostProcessors (for example: not eligible for auto-proxying)
2021-01-04 21:25:48 [main] INFO  org.springframework.boot.web.embedded.tomcat.TomcatWebServer - Tomcat initialized with port(s): 7000 (http)
2021-01-04 21:25:48 [main] INFO  org.springframework.boot.web.servlet.context.ServletWebServerApplicationContext - Root WebApplicationContext: initialization completed in 888 ms
2021-01-04 21:25:48 [main] INFO  org.hibernate.jpa.internal.util.LogHelper - HHH000204: Processing PersistenceUnitInfo [name: default]
2021-01-04 21:25:48 [main] INFO  org.hibernate.Version - HHH000412: Hibernate ORM core version 5.4.25.Final
2021-01-04 21:25:48 [main] INFO  org.hibernate.annotations.common.Version - HCANN000001: Hibernate Commons Annotations {5.1.2.Final}
2021-01-04 21:25:48 [main] INFO  org.hibernate.dialect.Dialect - HHH000400: Using dialect: org.hibernate.dialect.MySQL8Dialect
2021-01-04 21:25:49 [main] INFO  org.hibernate.engine.transaction.jta.platform.internal.JtaPlatformInitiator - HHH000490: Using JtaPlatform implementation: [org.hibernate.engine.transaction.jta.platform.internal.NoJtaPlatform]
2021-01-04 21:25:49 [main] INFO  org.springframework.orm.jpa.LocalContainerEntityManagerFactoryBean - Initialized JPA EntityManagerFactory for persistence unit 'default'
2021-01-04 21:25:49 [main] WARN  org.springframework.boot.autoconfigure.orm.jpa.JpaBaseConfiguration$JpaWebConfiguration - spring.jpa.open-in-view is enabled by default. Therefore, database queries may be performed during view rendering. Explicitly configure spring.jpa.open-in-view to disable this warning
2021-01-04 21:25:49 [main] INFO  org.springframework.security.web.DefaultSecurityFilterChain - Will secure any request with [org.springframework.security.web.context.request.async.WebAsyncManagerIntegrationFilter@4b762988, org.springframework.security.web.context.SecurityContextPersistenceFilter@66d61298, org.springframework.security.web.header.HeaderWriterFilter@184bb873, org.springframework.web.filter.CorsFilter@24f2608b, org.springframework.security.web.authentication.logout.LogoutFilter@44e4cf8a, org.springframework.security.web.authentication.www.BasicAuthenticationFilter@45cf0c15, org.springframework.security.web.savedrequest.RequestCacheAwareFilter@c7cf8c4, org.springframework.security.web.servletapi.SecurityContextHolderAwareRequestFilter@52ccf197, org.springframework.security.web.authentication.AnonymousAuthenticationFilter@12a9e864, org.springframework.security.web.session.SessionManagementFilter@3c9971af, org.springframework.security.web.access.ExceptionTranslationFilter@4219a4cc, org.springframework.security.web.access.intercept.FilterSecurityInterceptor@126d0868]
2021-01-04 21:25:49 [main] INFO  org.springframework.scheduling.concurrent.ThreadPoolTaskExecutor - Initializing ExecutorService 'applicationTaskExecutor'
2021-01-04 21:25:49 [main] INFO  org.springframework.boot.autoconfigure.web.servlet.WelcomePageHandlerMapping - Adding welcome page: ServletContext resource [/index.html]
2021-01-04 21:25:49 [main] INFO  org.springframework.boot.web.embedded.tomcat.TomcatWebServer - Tomcat started on port(s): 7000 (http) with context path ''
2021-01-04 21:25:49 [main] INFO  ru.alwertus.alwserv.App - Started App in 2.582 seconds (JVM running for 3.413)
2021-01-04 21:25:49 [main] INFO  ru.alwertus.alwserv.App - Server started !!!
2021-01-04 21:25:52 [http-nio-7000-exec-1] INFO  org.springframework.web.servlet.DispatcherServlet - Initializing Servlet 'dispatcherServlet'
2021-01-04 21:25:52 [http-nio-7000-exec-1] INFO  org.springframework.web.servlet.DispatcherServlet - Completed initialization in 1 ms
2021-01-04 21:25:52 [http-nio-7000-exec-2] INFO  ru.alwertus.alwserv.rest.TempRest - {"key":"val"}
2021-01-04 21:25:52 [http-nio-7000-exec-2] INFO  ru.alwertus.alwserv.rest.TempRest - user@mail.com
2021-01-04 21:25:55 [http-nio-7000-exec-4] INFO  ru.alwertus.alwserv.rest.TempRest - {"password":"admin","username":"admin@mail.com"}
2021-01-04 21:25:55 [http-nio-7000-exec-4] INFO  ru.alwertus.alwserv.rest.TempRest - admin@mail.com
2021-01-04 21:28:38 [SpringContextShutdownHook] INFO  org.springframework.scheduling.concurrent.ThreadPoolTaskExecutor - Shutting down ExecutorService 'applicationTaskExecutor'
2021-01-04 21:28:38 [SpringContextShutdownHook] INFO  org.springframework.orm.jpa.LocalContainerEntityManagerFactoryBean - Closing JPA EntityManagerFactory for persistence unit 'default'
